<?xml version="1.0" encoding="UTF-8"?>
<testsuite xmlns:xsi="http://www.w3.org/2001/XMLSchema-instance" xsi:noNamespaceSchemaLocation="https://maven.apache.org/surefire/maven-surefire-plugin/xsd/surefire-test-report.xsd" version="3.0.2" name="com.subhra.expense_tracker.ExpenseTrackerApplicationTests" time="4.3" tests="1" errors="0" skipped="0" failures="0" flakes="0">
  <properties>
[...]
</properties>
  <testcase name="contextLoads" classname="com.subhra.expense_tracker.ExpenseTrackerApplicationTests" time="0.942">
    <system-out><![CDATA[19:30:25.758 [main] INFO org.springframework.test.context.support.AnnotationConfigContextLoaderUtils -- Could not detect default configuration classes for test class [com.subhra.expense_tracker.ExpenseTrackerApplicationTests]: ExpenseTrackerApplicationTests does not declare any static, non-private, non-final, nested classes annotated with @Configuration.
19:30:25.964 [main] INFO org.springframework.boot.test.context.SpringBootTestContextBootstrapper -- Found @SpringBootConfiguration com.subhra.expense_tracker.ExpenseTrackerApplication for test class com.subhra.expense_tracker.ExpenseTrackerApplicationTests
19:30:26.094 [main] INFO org.springframework.test.context.support.AnnotationConfigContextLoaderUtils -- Could not detect default configuration classes for test class [com.subhra.expense_tracker.ExpenseTrackerApplicationTests]: ExpenseTrackerApplicationTests does not declare any static, non-private, non-final, nested classes annotated with @Configuration.
19:30:26.096 [main] INFO org.springframework.boot.test.context.SpringBootTestContextBootstrapper -- Found @SpringBootConfiguration com.subhra.expense_tracker.ExpenseTrackerApplication for test class com.subhra.expense_tracker.ExpenseTrackerApplicationTests
19:30:26.190 [main] INFO org.springframework.boot.devtools.restart.RestartApplicationListener -- Restart disabled due to context in which it is running

  .   ____          _            __ _ _
 /\\ / ___'_ __ _ _(_)_ __  __ _ \ \ \ \
( ( )\___ | '_ | '_| | '_ \/ _` | \ \ \ \
 \\/  ___)| |_)| | | | | || (_| |  ) ) ) )
  '  |____| .__|_| |_|_| |_\__, | / / / /
 =========|_|==============|___/=/_/_/_/

 :: Spring Boot ::                (v4.1.1)

2026-09-04T19:30:26.500+05:30  INFO 29480 --- [expense-tracker] [           main] c.s.e.ExpenseTrackerApplicationTests     : Starting ExpenseTrackerApplicationTests using Java 26.0.1 with PID 29480 (started by sahoo in C:\Users\sahoo\OneDrive\Desktop\springboot\expense-tracker)
2026-09-04T19:30:26.502+05:30  INFO 29480 --- [expense-tracker] [           main] c.s.e.ExpenseTrackerApplicationTests     : No active profile set, falling back to 1 default profile: "default"
2026-09-04T19:30:27.189+05:30  INFO 29480 --- [expense-tracker] [           main] .s.d.r.c.RepositoryConfigurationDelegate : Bootstrapping Spring Data JDBC repositories in DEFAULT mode.
2026-09-04T19:30:27.217+05:30  INFO 29480 --- [expense-tracker] [           main] .s.d.r.c.RepositoryConfigurationDelegate : Finished Spring Data repository scanning in 18 ms. Found 0 JDBC repository interfaces.
2026-09-04T19:30:28.217+05:30  INFO 29480 --- [expense-tracker] [           main] com.zaxxer.hikari.HikariDataSource       : HikariPool-1 - Starting...
2026-09-04T19:30:28.627+05:30  INFO 29480 --- [expense-tracker] [           main] com.zaxxer.hikari.pool.HikariPool        : HikariPool-1 - Added connection com.mysql.cj.jdbc.ConnectionImpl@17884d
2026-09-04T19:30:28.629+05:30  INFO 29480 --- [expense-tracker] [           main] com.zaxxer.hikari.HikariDataSource       : HikariPool-1 - Start completed.
2026-09-04T19:30:28.832+05:30  INFO 29480 --- [expense-tracker] [           main] c.s.e.ExpenseTrackerApplicationTests     : Started ExpenseTrackerApplicationTests in 2.654 seconds (process running for 4.177)
]]></system-out>
    <system-err><![CDATA[Mockito is currently self-attaching to enable the inline-mock-maker. This will no longer work in future releases of the JDK. Please add Mockito as an agent to your build as described in Mockito's documentation: https://javadoc.io/doc/org.mockito/mockito-core/latest/org.mockito/org/mockito/Mockito.html#0.3
WARNING: A Java agent has been loaded dynamically (C:\Users\sahoo\.m2\repository\net\bytebuddy\byte-buddy-agent\1.18.11\byte-buddy-agent-1.18.11.jar)
WARNING: If a serviceability tool is in use, please run with -XX:+EnableDynamicAgentLoading to hide this warning
WARNING: If a serviceability tool is not in use, please run with -Djdk.instrument.traceUsage for more information
WARNING: Dynamic loading of agents will be disallowed by default in a future release
]]></system-err>
  </testcase>
</testsuite>